2025-04-04 03:49:55.853006 - Received CBT.V508.FILE1027.PDS from FILE1027.XMI 
2025-04-04 03:49:55.853880 - Found $$$#DATE.txt (text/plain) in CBT.V508.FILE1027.PDS, moved to PDS/$$$#DATE
2025-04-04 03:49:55.854037 - Found $$NOTE01.txt (text/plain) in CBT.V508.FILE1027.PDS, moved to PDS/$$NOTE01
2025-04-04 03:49:55.854164 - Found @FIL1027.txt (text/plain) in CBT.V508.FILE1027.PDS, moved to PDS/@FIL1027
2025-04-04 03:49:55.854331 - Found BOOK.xmi (application/xmit) in CBT.V508.FILE1027.PDS, moved to PDS/BOOK.xmi
2025-04-04 03:49:55.946259 - Received A041696.DDNAME.XMITFIL1 from BOOK.xmi 
2025-04-04 03:49:55.947041 - Found A011049.txt (text/plain) in A041696.DDNAME.XMITFIL1, moved to BOOK/A011049
2025-04-04 03:49:55.947187 - Found A037889.txt (text/plain) in A041696.DDNAME.XMITFIL1, moved to BOOK/A037889
2025-04-04 03:49:55.947321 - Found A041194.txt (text/plain) in A041696.DDNAME.XMITFIL1, moved to BOOK/A041194
2025-04-04 03:49:55.947456 - Found A041696.txt (text/plain) in A041696.DDNAME.XMITFIL1, moved to BOOK/A041696
2025-04-04 03:49:55.947575 - Found A057259.txt (text/plain) in A041696.DDNAME.XMITFIL1, moved to BOOK/A057259
2025-04-04 03:49:55.947696 - Found A058097.txt (text/plain) in A041696.DDNAME.XMITFIL1, moved to BOOK/A058097
2025-04-04 03:49:55.947820 - Found A058173.txt (text/plain) in A041696.DDNAME.XMITFIL1, moved to BOOK/A058173
2025-04-04 03:49:55.947947 - Found A067281.txt (text/plain) in A041696.DDNAME.XMITFIL1, moved to BOOK/A067281
2025-04-04 03:49:55.948066 - Found DOC.txt (text/plain) in A041696.DDNAME.XMITFIL1, moved to BOOK/DOC
2025-04-04 03:49:55.948179 - Found JCL.jcl (text/plain) in A041696.DDNAME.XMITFIL1, moved to BOOK/JCL
2025-04-04 03:49:55.948301 - Found README.txt (text/plain) in A041696.DDNAME.XMITFIL1, moved to BOOK/README
2025-04-04 03:49:55.948418 - Found RFD002.txt (text/plain) in A041696.DDNAME.XMITFIL1, moved to BOOK/RFD002
2025-04-04 03:49:55.948531 - Found SAMPLE.txt (text/plain) in A041696.DDNAME.XMITFIL1, moved to BOOK/SAMPLE
2025-04-04 03:49:55.948643 - Found ZFRAME.txt (text/plain) in A041696.DDNAME.XMITFIL1, moved to BOOK/ZFRAME
2025-04-04 03:49:55.949344 - Found INSTALL.txt (text/plain) in CBT.V508.FILE1027.PDS, moved to PDS/INSTALL
2025-04-04 03:49:55.949483 - Found MMAIL.rexx (text/plain) in CBT.V508.FILE1027.PDS, moved to PDS/MMAIL
2025-04-04 03:49:55.949606 - Found PRINTJCL.jcl (text/plain) in CBT.V508.FILE1027.PDS, moved to PDS/PRINTJCL
2025-04-04 03:49:55.949790 - Found README.txt (text/plain) in CBT.V508.FILE1027.PDS, moved to PDS/README
2025-04-04 03:49:55.949910 - Found README1.txt (text/plain) in CBT.V508.FILE1027.PDS, moved to PDS/README1
2025-04-04 03:49:55.950065 - Found SDSFMAIL.rexx (text/plain) in CBT.V508.FILE1027.PDS, moved to PDS/SDSFMAIL
2025-04-04 03:49:55.950179 - Found XMAIL.rexx (text/plain) in CBT.V508.FILE1027.PDS, moved to PDS/XMAIL
